Build started 10/1/2559 22:11:18.
     1>Project "C:\Users\kati\Documents\Visual Studio 2010\Projects\projectfvm\projectfvm\projectfvm.vcxproj" on node 2 (build target(s)).
     1>InitializeBuildStatus:
         Creating "Debug\projectfvm.unsuccessfulbuild" because "AlwaysCreate" was specified.
       AddCudaCompileDeps:
         C:\Program Files\Microsoft Visual Studio 10.0\VC\bin\cl.exe /E /nologo /showIncludes /TP /D__CUDACC__ /DWIN32 /D_DEBUG /D_CONSOLE /D_MBCS /I"C:\Program Files\NVIDIA GPU Computing Toolkit\CUDA\v5.5\include" /I"C:\Program Files\NVIDIA GPU Computing Toolkit\CUDA\v5.5\bin" /I"C:\Program Files\NVIDIA GPU Computing Toolkit\CUDA\v5.5\include" /I. /FIcuda_runtime.h /c "C:\Users\kati\Documents\Visual Studio 2010\Projects\projectfvm\projectfvm\kernel.cu" 
       AddCudaCompileDeps:
       Skipping target "AddCudaCompileDeps" because all output files are up-to-date with respect to the input files.
       AddCudaCompilePropsDeps:
       Skipping target "AddCudaCompilePropsDeps" because all output files are up-to-date with respect to the input files.
       AddCudaCompilePropsDeps:
       Skipping target "AddCudaCompilePropsDeps" because all output files are up-to-date with respect to the input files.
       CudaBuild:
         Compiling CUDA source file kernel.cu...
         cmd.exe /C "C:\Users\kati\AppData\Local\Temp\812921fb541548b1a4eb43aa2e614932.cmd"
         "C:\Program Files\NVIDIA GPU Computing Toolkit\CUDA\v5.5\bin\nvcc.exe" -gencode=arch=compute_10,code=\"sm_10,compute_10\" --use-local-env --cl-version 2010 -ccbin "C:\Program Files\Microsoft Visual Studio 10.0\VC\bin"  -I"C:\Program Files\NVIDIA GPU Computing Toolkit\CUDA\v5.5\include" -I"C:\Program Files\NVIDIA GPU Computing Toolkit\CUDA\v5.5\include"  -G   --keep-dir Debug -maxrregcount=0  --machine 32 --compile -cudart static  -g   -DWIN32 -D_DEBUG -D_CONSOLE -D_MBCS -Xcompiler "/EHsc /W3 /nologo /Od /Zi /RTC1 /MDd  " -o Debug\kernel.cu.obj "C:\Users\kati\Documents\Visual Studio 2010\Projects\projectfvm\projectfvm\kernel.cu"
         
         C:\Users\kati\Documents\Visual Studio 2010\Projects\projectfvm\projectfvm>"C:\Program Files\NVIDIA GPU Computing Toolkit\CUDA\v5.5\bin\nvcc.exe" -gencode=arch=compute_10,code=\"sm_10,compute_10\" --use-local-env --cl-version 2010 -ccbin "C:\Program Files\Microsoft Visual Studio 10.0\VC\bin"  -I"C:\Program Files\NVIDIA GPU Computing Toolkit\CUDA\v5.5\include" -I"C:\Program Files\NVIDIA GPU Computing Toolkit\CUDA\v5.5\include"  -G   --keep-dir Debug -maxrregcount=0  --machine 32 --compile -cudart static  -g   -DWIN32 -D_DEBUG -D_CONSOLE -D_MBCS -Xcompiler "/EHsc /W3 /nologo /Od /Zi /RTC1 /MDd  " -o Debug\kernel.cu.obj "C:\Users\kati\Documents\Visual Studio 2010\Projects\projectfvm\projectfvm\kernel.cu" 
     1>C:/Users/kati/Documents/Visual Studio 2010/Projects/projectfvm/projectfvm/kernel.cu(35): warning : variable "BLOCKS" was declared but never referenced
         
     1>C:/Users/kati/Documents/Visual Studio 2010/Projects/projectfvm/projectfvm/kernel.cu(36): warning : variable "THREADS" was declared but never referenced
         
     1>C:/Users/kati/Documents/Visual Studio 2010/Projects/projectfvm/projectfvm/kernel.cu(35): warning : variable "BLOCKS" was declared but never referenced
         
     1>C:/Users/kati/Documents/Visual Studio 2010/Projects/projectfvm/projectfvm/kernel.cu(36): warning : variable "THREADS" was declared but never referenced
         
         ptxas C:/Users/kati/AppData/Local/Temp/tmpxft_00001138_00000000-4_kernel.ptx, line 5350; : warning : Double is not supported. Demoting to float
     1>C:/Users/kati/Documents/Visual Studio 2010/Projects/projectfvm/projectfvm/kernel.cu(241): warning C4305: '=' : truncation from 'double' to 'float'
       CudaBuild:
       Skipping target "CudaBuild" because all output files are up-to-date with respect to the input files.
       ManifestResourceCompile:
         All outputs are up-to-date.
       Link:
         C:\Program Files\Microsoft Visual Studio 10.0\VC\bin\link.exe /ERRORREPORT:PROMPT /OUT:"C:\Users\kati\Documents\Visual Studio 2010\Projects\projectfvm\Debug\projectfvm.exe" /INCREMENTAL /NOLOGO /LIBPATH:"C:\Program Files\NVIDIA GPU Computing Toolkit\CUDA\v5.5\lib\Win32" cudart.lib kernel32.lib user32.lib gdi32.lib winspool.lib comdlg32.lib advapi32.lib shell32.lib ole32.lib oleaut32.lib uuid.lib odbc32.lib odbccp32.lib kernel32.lib user32.lib gdi32.lib winspool.lib comdlg32.lib advapi32.lib shell32.lib ole32.lib oleaut32.lib uuid.lib odbc32.lib odbccp32.lib /MANIFEST /ManifestFile:"Debug\projectfvm.exe.intermediate.manifest" /MANIFESTUAC:"level='asInvoker' uiAccess='false'" /DEBUG /PDB:"C:\Users\kati\Documents\Visual Studio 2010\Projects\projectfvm\Debug\projectfvm.pdb" /SUBSYSTEM:CONSOLE /TLBID:1 /DYNAMICBASE /NXCOMPAT /IMPLIB:"C:\Users\kati\Documents\Visual Studio 2010\Projects\projectfvm\Debug\projectfvm.lib" /MACHINE:X86 Debug\kernel.cu.obj
         Debug\my_cuda_time.cu.obj
         Debug\projectfvm.exe.embed.manifest.res
       Manifest:
         C:\Program Files\Microsoft SDKs\Windows\v7.0A\bin\mt.exe /nologo /verbose /out:"Debug\projectfvm.exe.embed.manifest" /manifest Debug\projectfvm.exe.intermediate.manifest
         All outputs are up-to-date.
       LinkEmbedManifest:
         All outputs are up-to-date.
         projectfvm.vcxproj -> C:\Users\kati\Documents\Visual Studio 2010\Projects\projectfvm\Debug\projectfvm.exe
       PostBuildEvent:
         echo copy "C:\Program Files\NVIDIA GPU Computing Toolkit\CUDA\v5.5\bin\cudart*.dll" "C:\Users\kati\Documents\Visual Studio 2010\Projects\projectfvm\Debug\"
         copy "C:\Program Files\NVIDIA GPU Computing Toolkit\CUDA\v5.5\bin\cudart*.dll" "C:\Users\kati\Documents\Visual Studio 2010\Projects\projectfvm\Debug\"
         :VCEnd
         copy "C:\Program Files\NVIDIA GPU Computing Toolkit\CUDA\v5.5\bin\cudart*.dll" "C:\Users\kati\Documents\Visual Studio 2010\Projects\projectfvm\Debug\"
         C:\Program Files\NVIDIA GPU Computing Toolkit\CUDA\v5.5\bin\cudart32_55.dll
                 1 file(s) copied.
       FinalizeBuildStatus:
         Deleting file "Debug\projectfvm.unsuccessfulbuild".
         Touching "Debug\projectfvm.lastbuildstate".
     1>Done Building Project "C:\Users\kati\Documents\Visual Studio 2010\Projects\projectfvm\projectfvm\projectfvm.vcxproj" (build target(s)).

Build succeeded.

Time Elapsed 00:00:08.88
